Using pre-set license
Built from '2021.3/release' branch; Version is '2021.3.17f1 (3e8111cac19d) revision 4096273'; Using compiler version '192829333'; Build Type 'Release'
OS: 'Windows 11  (10.0.22631) 64bit Core' Language: 'it' Physical Memory: 16261 MB
BatchMode: 1, IsHumanControllingUs: 0, StartBugReporterOnCrash: 0, Is64bit: 1, IsPro: 1

COMMAND LINE ARGUMENTS:
C:\Program Files\Unity\Hub\Editor\2021.3.17f1\Editor\Unity.exe
-adb2
-batchMode
-noUpm
-name
AssetImportWorker0
-projectPath
C:/Users/crusc/Documents/GitHub/Test_Digital_Twin/DigitalTwin
-logFile
Logs/AssetImportWorker0.log
-srvPort
63142
Successfully changed project path to: C:/Users/crusc/Documents/GitHub/Test_Digital_Twin/DigitalTwin
C:/Users/crusc/Documents/GitHub/Test_Digital_Twin/DigitalTwin
[UnityMemory] Configuration Parameters - Can be set up in boot.config
    "memorysetup-bucket-allocator-granularity=16"
    "memorysetup-bucket-allocator-bucket-count=8"
    "memorysetup-bucket-allocator-block-size=33554432"
    "memorysetup-bucket-allocator-block-count=8"
    "memorysetup-main-allocator-block-size=16777216"
    "memorysetup-thread-allocator-block-size=16777216"
    "memorysetup-gfx-main-allocator-block-size=16777216"
    "memorysetup-gfx-thread-allocator-block-size=16777216"
    "memorysetup-cache-allocator-block-size=4194304"
    "memorysetup-typetree-allocator-block-size=2097152"
    "memorysetup-profiler-bucket-allocator-granularity=16"
    "memorysetup-profiler-bucket-allocator-bucket-count=8"
    "memorysetup-profiler-bucket-allocator-block-size=33554432"
    "memorysetup-profiler-bucket-allocator-block-count=8"
    "memorysetup-profiler-allocator-block-size=16777216"
    "memorysetup-profiler-editor-allocator-block-size=1048576"
    "memorysetup-temp-allocator-size-main=16777216"
    "memorysetup-job-temp-allocator-block-size=2097152"
    "memorysetup-job-temp-allocator-block-size-background=1048576"
    "memorysetup-job-temp-allocator-reduction-small-platforms=262144"
    "memorysetup-temp-allocator-size-background-worker=32768"
    "memorysetup-temp-allocator-size-job-worker=262144"
    "memorysetup-temp-allocator-size-preload-manager=33554432"
    "memorysetup-temp-allocator-size-nav-mesh-worker=65536"
    "memorysetup-temp-allocator-size-audio-worker=65536"
    "memorysetup-temp-allocator-size-cloud-worker=32768"
    "memorysetup-temp-allocator-size-gi-baking-worker=262144"
    "memorysetup-temp-allocator-size-gfx=262144"
Player connection [30784] Host "[IP] 192.168.100.21 [Port] 0 [Flags] 2 [Guid] 3387690023 [EditorId] 3387690023 [Version] 1048832 [Id] WindowsEditor(7,OmenIvan) [Debug] 1 [PackageName] WindowsEditor [ProjectName] Editor" joined multi-casting on [225.0.0.222:54997]...

Player connection [30784] Host "[IP] 192.168.100.21 [Port] 0 [Flags] 2 [Guid] 3387690023 [EditorId] 3387690023 [Version] 1048832 [Id] WindowsEditor(7,OmenIvan) [Debug] 1 [PackageName] WindowsEditor [ProjectName] Editor" joined alternative multi-casting on [225.0.0.222:34997]...

Refreshing native plugins compatible for Editor in 149.88 ms, found 3 plugins.
Preloading 0 native plugins for Editor in 0.00 ms.
Initialize engine version: 2021.3.17f1 (3e8111cac19d)
[Subsystems] Discovering subsystems at path C:/Program Files/Unity/Hub/Editor/2021.3.17f1/Editor/Data/Resources/UnitySubsystems
[Subsystems] Discovering subsystems at path C:/Users/crusc/Documents/GitHub/Test_Digital_Twin/DigitalTwin/Assets
GfxDevice: creating device client; threaded=0; jobified=0
Direct3D:
    Version:  Direct3D 11.0 [level 11.1]
    Renderer: NVIDIA GeForce GTX 1660 Ti (ID=0x2191)
    Vendor:   NVIDIA
    VRAM:     5979 MB
    Driver:   31.0.15.3734
Initialize mono
Mono path[0] = 'C:/Program Files/Unity/Hub/Editor/2021.3.17f1/Editor/Data/Managed'
Mono path[1] = 'C:/Program Files/Unity/Hub/Editor/2021.3.17f1/Editor/Data/MonoBleedingEdge/lib/mono/unityjit-win32'
Mono config path = 'C:/Program Files/Unity/Hub/Editor/2021.3.17f1/Editor/Data/MonoBleedingEdge/etc'
Using monoOptions --debugger-agent=transport=dt_socket,embedding=1,server=y,suspend=n,address=127.0.0.1:56444
Begin MonoManager ReloadAssembly
Registering precompiled unity dll's ...
Register platform support module: C:/Program Files/Unity/Hub/Editor/2021.3.17f1/Editor/Data/PlaybackEngines/WindowsStandaloneSupport/UnityEditor.WindowsStandalone.Extensions.dll
Registered in 0.005717 seconds.
Native extension for WindowsStandalone target not found
Refreshing native plugins compatible for Editor in 152.12 ms, found 3 plugins.
Preloading 0 native plugins for Editor in 0.00 ms.
Mono: successfully reloaded assembly
- Completed reload, in  1.030 seconds
Domain Reload Profiling:
	ReloadAssembly (1031ms)
		BeginReloadAssembly (133ms)
			ExecutionOrderSort (0ms)
			DisableScriptedObjects (0ms)
			BackupInstance (0ms)
			ReleaseScriptingObjects (0ms)
			CreateAndSetChildDomain (2ms)
		EndReloadAssembly (724ms)
			LoadAssemblies (127ms)
			RebuildTransferFunctionScriptingTraits (0ms)
			SetupTypeCache (196ms)
			ReleaseScriptCaches (0ms)
			RebuildScriptCaches (37ms)
			SetupLoadedEditorAssemblies (424ms)
				LogAssemblyErrors (0ms)
				InitializePlatformSupportModulesInManaged (8ms)
				SetLoadedEditorAssemblies (0ms)
				RefreshPlugins (152ms)
				BeforeProcessingInitializeOnLoad (3ms)
				ProcessInitializeOnLoadAttributes (199ms)
				ProcessInitializeOnLoadMethodAttributes (61ms)
				AfterProcessingInitializeOnLoad (0ms)
				EditorAssembliesLoaded (0ms)
			ExecutionOrderSort2 (0ms)
			AwakeInstancesAfterBackupRestoration (0ms)
Platform modules already initialized, skipping
Registering precompiled user dll's ...
Registered in 0.008885 seconds.
Begin MonoManager ReloadAssembly
Symbol file LoadedFromMemory doesn't match image C:\Users\crusc\Documents\GitHub\Test_Digital_Twin\DigitalTwin\Library\PackageCache\com.unity.visualscripting@1.8.0\Editor\VisualScripting.Core\Dependencies\YamlDotNet\Unity.VisualScripting.YamlDotNet.dll
Symbol file LoadedFromMemory doesn't match image C:\Users\crusc\Documents\GitHub\Test_Digital_Twin\DigitalTwin\Library\PackageCache\com.unity.visualscripting@1.8.0\Editor\VisualScripting.Core\Dependencies\DotNetZip\Unity.VisualScripting.IonicZip.dll
Native extension for WindowsStandalone target not found
Refreshing native plugins compatible for Editor in 176.54 ms, found 3 plugins.
Preloading 0 native plugins for Editor in 0.00 ms.
Mono: successfully reloaded assembly
- Completed reload, in  1.947 seconds
Domain Reload Profiling:
	ReloadAssembly (1948ms)
		BeginReloadAssembly (125ms)
			ExecutionOrderSort (0ms)
			DisableScriptedObjects (6ms)
			BackupInstance (0ms)
			ReleaseScriptingObjects (0ms)
			CreateAndSetChildDomain (21ms)
		EndReloadAssembly (1682ms)
			LoadAssemblies (103ms)
			RebuildTransferFunctionScriptingTraits (0ms)
			SetupTypeCache (481ms)
			ReleaseScriptCaches (1ms)
			RebuildScriptCaches (96ms)
			SetupLoadedEditorAssemblies (909ms)
				LogAssemblyErrors (0ms)
				InitializePlatformSupportModulesInManaged (6ms)
				SetLoadedEditorAssemblies (0ms)
				RefreshPlugins (177ms)
				BeforeProcessingInitializeOnLoad (181ms)
				ProcessInitializeOnLoadAttributes (380ms)
				ProcessInitializeOnLoadMethodAttributes (154ms)
				AfterProcessingInitializeOnLoad (12ms)
				EditorAssembliesLoaded (0ms)
			ExecutionOrderSort2 (0ms)
			AwakeInstancesAfterBackupRestoration (20ms)
Platform modules already initialized, skipping
========================================================================
Worker process is ready to serve import requests
Launched and connected shader compiler UnityShaderCompiler.exe after 0.06 seconds
Refreshing native plugins compatible for Editor in 1.08 ms, found 3 plugins.
Preloading 0 native plugins for Editor in 0.00 ms.
Unloading 5197 Unused Serialized files (Serialized files now loaded: 0)
Unloading 35 unused Assets / (0.7 MB). Loaded Objects now: 5648.
Memory consumption went from 204.8 MB to 204.1 MB.
Total: 7.019700 ms (FindLiveObjects: 0.515000 ms CreateObjectMapping: 0.607600 ms MarkObjects: 5.346200 ms  DeleteObjects: 0.548600 ms)

AssetImportParameters requested are different than current active one (requested -> active):
  custom:video-decoder-ogg-theora: a1e56fd34408186e4bbccfd4996cb3dc -> 
  custom:container-muxer-webm: aa71ff27fc2769a1b78a27578f13a17b -> 
  custom:container-demuxer-webm: 4f35f7cbe854078d1ac9338744f61a02 -> 
  custom:video-encoder-webm-vp8: eb34c28f22e8b96e1ab97ce403110664 -> 
  custom:video-codec-MediaFoundation-h265: 746d11721c4dcdbdad8f713fa42b33f4 -> 
  custom:audio-encoder-webm-vorbis: bf7c407c2cedff20999df2af8eb42d56 -> 
  custom:framework-win-MediaFoundation: 216162199b28c13a410421893ffa2e32 -> 
  custom:container-demuxer-ogg: 62fdf1f143b41e24485cea50d1cbac27 -> 
  custom:video-decoder-webm-vp8: 9c59270c3fd7afecdb556c50c9e8de78 -> 
  custom:audio-decoder-ogg-vorbis: bf7c407c2cedff20999df2af8eb42d56 -> 
========================================================================
Received Import Request.
  Time since last request: 302637.750059 seconds.
  path: Assets/Prefabs/Components/SourceProvider.prefab
  artifactKey: Guid(2016f935dde45df4999389f4643802b9) Importer(815301076,1909f56bfc062723c751e8b465ee728b)
Start importing Assets/Prefabs/Components/SourceProvider.prefab using Guid(2016f935dde45df4999389f4643802b9) Importer(815301076,1909f56bfc062723c751e8b465ee728b)  -> (artifact id: 'b87c89b3f9cf55d832a98ceb088f9910') in 0.454931 seconds 
========================================================================
Received Import Request.
  Time since last request: 0.000120 seconds.
  path: Assets/Prefabs/Components/FlowSplitter.prefab
  artifactKey: Guid(84a541fce530f4244bbae457c7527c2a) Importer(815301076,1909f56bfc062723c751e8b465ee728b)
Start importing Assets/Prefabs/Components/FlowSplitter.prefab using Guid(84a541fce530f4244bbae457c7527c2a) Importer(815301076,1909f56bfc062723c751e8b465ee728b)  -> (artifact id: '8e8b075817286ef6ef62fa36751f0e58') in 0.025103 seconds 
========================================================================
Received Import Request.
  Time since last request: 206.055477 seconds.
  path: Assets/Prefabs/Components/Splitter.prefab
  artifactKey: Guid(973ce6c8bf951f54789f9d54a3b248f9) Importer(815301076,1909f56bfc062723c751e8b465ee728b)
Start importing Assets/Prefabs/Components/Splitter.prefab using Guid(973ce6c8bf951f54789f9d54a3b248f9) Importer(815301076,1909f56bfc062723c751e8b465ee728b)  -> (artifact id: '3ed6de06f0c69d8bee6c5616c45c0985') in 0.019325 seconds 
========================================================================
Received Import Request.
  Time since last request: 18.122003 seconds.
  path: Assets/Prefabs/Components/Splitter.prefab
  artifactKey: Guid(973ce6c8bf951f54789f9d54a3b248f9) Importer(815301076,1909f56bfc062723c751e8b465ee728b)
Start importing Assets/Prefabs/Components/Splitter.prefab using Guid(973ce6c8bf951f54789f9d54a3b248f9) Importer(815301076,1909f56bfc062723c751e8b465ee728b)  -> (artifact id: '3f804c162680f0159271d057cbf9b25c') in 0.024581 seconds 
========================================================================
Received Import Request.
  Time since last request: 9.666332 seconds.
  path: Assets/Prefabs/Components/Splitter.prefab
  artifactKey: Guid(973ce6c8bf951f54789f9d54a3b248f9) Importer(815301076,1909f56bfc062723c751e8b465ee728b)
Start importing Assets/Prefabs/Components/Splitter.prefab using Guid(973ce6c8bf951f54789f9d54a3b248f9) Importer(815301076,1909f56bfc062723c751e8b465ee728b)  -> (artifact id: 'e4c5ae92770f62b20d5e7ebe95e7188a') in 0.014614 seconds 
========================================================================
Received Import Request.
  Time since last request: 12.507107 seconds.
  path: Assets/Prefabs/Components/Splitter.prefab
  artifactKey: Guid(973ce6c8bf951f54789f9d54a3b248f9) Importer(815301076,1909f56bfc062723c751e8b465ee728b)
Start importing Assets/Prefabs/Components/Splitter.prefab using Guid(973ce6c8bf951f54789f9d54a3b248f9) Importer(815301076,1909f56bfc062723c751e8b465ee728b)  -> (artifact id: '6e4006d801656f896e88eb3a3b9587ee') in 0.017033 seconds 
========================================================================
Received Import Request.
  Time since last request: 34.462817 seconds.
  path: Assets/Prefabs/Components/Splitter.prefab
  artifactKey: Guid(973ce6c8bf951f54789f9d54a3b248f9) Importer(815301076,1909f56bfc062723c751e8b465ee728b)
Start importing Assets/Prefabs/Components/Splitter.prefab using Guid(973ce6c8bf951f54789f9d54a3b248f9) Importer(815301076,1909f56bfc062723c751e8b465ee728b)  -> (artifact id: 'b89bd506834a2bb69934c261042305f0') in 0.014306 seconds 
========================================================================
Received Import Request.
  Time since last request: 1.011161 seconds.
  path: Assets/Prefabs/Components/Splitter.prefab
  artifactKey: Guid(973ce6c8bf951f54789f9d54a3b248f9) Importer(815301076,1909f56bfc062723c751e8b465ee728b)
Start importing Assets/Prefabs/Components/Splitter.prefab using Guid(973ce6c8bf951f54789f9d54a3b248f9) Importer(815301076,1909f56bfc062723c751e8b465ee728b)  -> (artifact id: '04c650750e6dc8294be948000dcf4ab8') in 0.011102 seconds 
========================================================================
Received Import Request.
  Time since last request: 13.314048 seconds.
  path: Assets/Prefabs/Components/Splitter.prefab
  artifactKey: Guid(973ce6c8bf951f54789f9d54a3b248f9) Importer(815301076,1909f56bfc062723c751e8b465ee728b)
Start importing Assets/Prefabs/Components/Splitter.prefab using Guid(973ce6c8bf951f54789f9d54a3b248f9) Importer(815301076,1909f56bfc062723c751e8b465ee728b)  -> (artifact id: 'f1e7322878dd075de6cae53544456c86') in 0.020940 seconds 
========================================================================
Received Import Request.
  Time since last request: 3.402796 seconds.
  path: Assets/Prefabs/Components/Splitter.prefab
  artifactKey: Guid(973ce6c8bf951f54789f9d54a3b248f9) Importer(815301076,1909f56bfc062723c751e8b465ee728b)
Start importing Assets/Prefabs/Components/Splitter.prefab using Guid(973ce6c8bf951f54789f9d54a3b248f9) Importer(815301076,1909f56bfc062723c751e8b465ee728b)  -> (artifact id: 'b6f69f3594b978f07ade4254a7866671') in 0.011869 seconds 
========================================================================
Received Import Request.
  Time since last request: 2.414100 seconds.
  path: Assets/Prefabs/Components/Splitter.prefab
  artifactKey: Guid(973ce6c8bf951f54789f9d54a3b248f9) Importer(815301076,1909f56bfc062723c751e8b465ee728b)
Start importing Assets/Prefabs/Components/Splitter.prefab using Guid(973ce6c8bf951f54789f9d54a3b248f9) Importer(815301076,1909f56bfc062723c751e8b465ee728b)  -> (artifact id: 'fe9df8f426b2ad7240cab21ae1773386') in 0.011917 seconds 
========================================================================
Received Import Request.
  Time since last request: 2.799362 seconds.
  path: Assets/Prefabs/Components/Splitter.prefab
  artifactKey: Guid(973ce6c8bf951f54789f9d54a3b248f9) Importer(815301076,1909f56bfc062723c751e8b465ee728b)
Start importing Assets/Prefabs/Components/Splitter.prefab using Guid(973ce6c8bf951f54789f9d54a3b248f9) Importer(815301076,1909f56bfc062723c751e8b465ee728b)  -> (artifact id: '5b8a802fd53e0dbaddbaf041246952ec') in 0.012416 seconds 
========================================================================
Received Import Request.
  Time since last request: 13.152964 seconds.
  path: Assets/Prefabs/Components/Splitter.prefab
  artifactKey: Guid(973ce6c8bf951f54789f9d54a3b248f9) Importer(815301076,1909f56bfc062723c751e8b465ee728b)
Start importing Assets/Prefabs/Components/Splitter.prefab using Guid(973ce6c8bf951f54789f9d54a3b248f9) Importer(815301076,1909f56bfc062723c751e8b465ee728b)  -> (artifact id: 'bb81de762f9aa4c5e95ce6b9d31a17d6') in 0.015696 seconds 
========================================================================
Received Import Request.
  Time since last request: 13.542125 seconds.
  path: Assets/Prefabs/Components/Splitter.prefab
  artifactKey: Guid(973ce6c8bf951f54789f9d54a3b248f9) Importer(815301076,1909f56bfc062723c751e8b465ee728b)
Start importing Assets/Prefabs/Components/Splitter.prefab using Guid(973ce6c8bf951f54789f9d54a3b248f9) Importer(815301076,1909f56bfc062723c751e8b465ee728b)  -> (artifact id: 'fc94430532427bdf349f22f4128b6426') in 0.014771 seconds 
========================================================================
Received Import Request.
  Time since last request: 8.249033 seconds.
  path: Assets/Prefabs/Components/Splitter.prefab
  artifactKey: Guid(973ce6c8bf951f54789f9d54a3b248f9) Importer(815301076,1909f56bfc062723c751e8b465ee728b)
Start importing Assets/Prefabs/Components/Splitter.prefab using Guid(973ce6c8bf951f54789f9d54a3b248f9) Importer(815301076,1909f56bfc062723c751e8b465ee728b)  -> (artifact id: 'a8fa726e8bc880072497e770e1ce7f6d') in 0.013699 seconds 
========================================================================
Received Prepare
Registering precompiled user dll's ...
Registered in 0.009134 seconds.
Begin MonoManager ReloadAssembly
Symbol file LoadedFromMemory doesn't match image C:\Users\crusc\Documents\GitHub\Test_Digital_Twin\DigitalTwin\Library\PackageCache\com.unity.visualscripting@1.8.0\Editor\VisualScripting.Core\Dependencies\YamlDotNet\Unity.VisualScripting.YamlDotNet.dll
Symbol file LoadedFromMemory doesn't match image C:\Users\crusc\Documents\GitHub\Test_Digital_Twin\DigitalTwin\Library\PackageCache\com.unity.visualscripting@1.8.0\Editor\VisualScripting.Core\Dependencies\DotNetZip\Unity.VisualScripting.IonicZip.dll
Native extension for WindowsStandalone target not found
Refreshing native plugins compatible for Editor in 1.10 ms, found 3 plugins.
Preloading 0 native plugins for Editor in 0.00 ms.
Mono: successfully reloaded assembly
- Completed reload, in  1.814 seconds
Domain Reload Profiling:
	ReloadAssembly (1815ms)
		BeginReloadAssembly (187ms)
			ExecutionOrderSort (0ms)
			DisableScriptedObjects (15ms)
			BackupInstance (0ms)
			ReleaseScriptingObjects (0ms)
			CreateAndSetChildDomain (55ms)
		EndReloadAssembly (1493ms)
			LoadAssemblies (103ms)
			RebuildTransferFunctionScriptingTraits (0ms)
			SetupTypeCache (479ms)
			ReleaseScriptCaches (2ms)
			RebuildScriptCaches (74ms)
			SetupLoadedEditorAssemblies (691ms)
				LogAssemblyErrors (0ms)
				InitializePlatformSupportModulesInManaged (17ms)
				SetLoadedEditorAssemblies (1ms)
				RefreshPlugins (1ms)
				BeforeProcessingInitializeOnLoad (150ms)
				ProcessInitializeOnLoadAttributes (381ms)
				ProcessInitializeOnLoadMethodAttributes (132ms)
				AfterProcessingInitializeOnLoad (9ms)
				EditorAssembliesLoaded (0ms)
			ExecutionOrderSort2 (0ms)
			AwakeInstancesAfterBackupRestoration (25ms)
Platform modules already initialized, skipping
Refreshing native plugins compatible for Editor in 3.91 ms, found 3 plugins.
Preloading 0 native plugins for Editor in 0.00 ms.
Unloading 5066 Unused Serialized files (Serialized files now loaded: 0)
Unloading 28 unused Assets / (0.7 MB). Loaded Objects now: 5705.
Memory consumption went from 201.4 MB to 200.7 MB.
Total: 5.883800 ms (FindLiveObjects: 0.430700 ms CreateObjectMapping: 0.407900 ms MarkObjects: 4.663800 ms  DeleteObjects: 0.380200 ms)

AssetImportParameters requested are different than current active one (requested -> active):
  custom:video-decoder-ogg-theora: a1e56fd34408186e4bbccfd4996cb3dc -> 
  custom:container-muxer-webm: aa71ff27fc2769a1b78a27578f13a17b -> 
  custom:container-demuxer-webm: 4f35f7cbe854078d1ac9338744f61a02 -> 
  custom:video-encoder-webm-vp8: eb34c28f22e8b96e1ab97ce403110664 -> 
  custom:video-codec-MediaFoundation-h265: 746d11721c4dcdbdad8f713fa42b33f4 -> 
  custom:audio-encoder-webm-vorbis: bf7c407c2cedff20999df2af8eb42d56 -> 
  custom:framework-win-MediaFoundation: 216162199b28c13a410421893ffa2e32 -> 
  custom:container-demuxer-ogg: 62fdf1f143b41e24485cea50d1cbac27 -> 
  custom:video-decoder-webm-vp8: 9c59270c3fd7afecdb556c50c9e8de78 -> 
  custom:audio-decoder-ogg-vorbis: bf7c407c2cedff20999df2af8eb42d56 -> 
